Arguments: 
  D:\nodejs\node.exe D:\nodejs\node_modules\yarn\bin\yarn.js add @types/connect-flash @types/cookie-parser @types/cors @types/debug @types/ejs @types/express @types/express-session @types/http-errors @types/jquery @types/mongoose @types/morgan @types/node @types/passport @types/passport-local --dev

PATH: 
  C:\Windows\system32;C:\Windows;C:\Windows\System32\Wbem;C:\Windows\System32\WindowsPowerShell\v1.0\;C:\Windows\System32\OpenSSH\;C:\Program Files (x86)\NVIDIA Corporation\PhysX\Common;C:\Program Files\NVIDIA Corporation\NVIDIA NvDLISR;C:\WINDOWS\system32;C:\WINDOWS;C:\WINDOWS\System32\Wbem;C:\WINDOWS\System32\WindowsPowerShell\v1.0\;C:\WINDOWS\System32\OpenSSH\;C:\Program Files\dotnet\;C:\Program Files\Microsoft SQL Server\150\Tools\Binn\;C:\Program Files\Microsoft SQL Server\Client SDK\ODBC\170\Tools\Binn\;C:\WINDOWS\system32;C:\WINDOWS;C:\WINDOWS\System32\Wbem;C:\WINDOWS\System32\WindowsPowerShell\v1.0\;C:\WINDOWS\System32\OpenSSH\;D:\Liquid Technologies\Liquid Studio\XmlDataBinder20\Redist20\cpp\win32\bin;D:\Liquid Technologies\Liquid Studio\XmlDataBinder20\Redist20\cpp\win64\bin;D:\mongoDB\bin;D:\mongoDB\mongosh-1.6.0-win32-x64\mongosh-1.6.0-win32-x64\bin;D:\Git\cmd;D:\Git\mingw64\bin;D:\Git\usr\bin;%NVM_HOME%;%NVM_SYMLINK%;C:\Users\wushu\AppData\Local\Microsoft\WindowsApps;C:\Users\wushu\.dotnet\tools;D:\vs code\Microsoft VS Code\bin;C:\Users\wushu\AppData\Local\GitHubDesktop\bin;D:\mongoDB\bin;D:\mongoDB\mongosh-1.6.0-win32-x64\mongosh-1.6.0-win32-x64\bin;D:\nvm;D:\nodejs;D:\heroku\bin;D:\mongoDB\mongodb-altas\

Yarn version: 
  1.22.19

Node version: 
  19.0.0

Platform: 
  win32 x64

Trace: 
  SyntaxError: D:\centennial\semester3_2022 fall\web\Assignment2\package.json: Unexpected non-whitespace character after JSON at position 203
      at JSON.parse (<anonymous>)
      at D:\nvm\v19.0.0\node_modules\yarn\lib\cli.js:1629:59
      at Generator.next (<anonymous>)
      at step (D:\nvm\v19.0.0\node_modules\yarn\lib\cli.js:310:30)
      at D:\nvm\v19.0.0\node_modules\yarn\lib\cli.js:321:13

npm manifest: 
  {
    "name": "Assignment2",
    "version": "1.0.0",
    "main": "server.js",
    "repository": "https://github.com/wushuxuan93/Assignment2.git",
    "author": "Shuxuan Wu",
    "license": "MIT",
    "private": true
  },
   "engines": {
      "node": "^18.1.0",
      "npm": "^8.1.0",
      "yarn": "^1.22.18"
    },

yarn manifest: 
  No manifest

Lockfile: 
  # THIS IS AN AUTOGENERATED FILE. DO NOT EDIT THIS FILE DIRECTLY.
  # yarn lockfile v1
